#
# A fatal error has been detected by the Java Runtime Environment:
#
#  EXCEPTION_ACCESS_VIOLATION (0xc0000005) at pc=0x000001a46d5d2767, pid=6440, tid=2268
#
# JRE version: OpenJDK Runtime Environment (11.0.11+9) (build 11.0.11+9-b60-7590822)
# Java VM: OpenJDK 64-Bit Server VM (11.0.11+9-b60-7590822, mixed mode, tiered, compressed oops, g1 gc, windows-amd64)
# Problematic frame:
# v  ~BufferBlob::vtable chunks
#
# No core dump will be written. Minidumps are not enabled by default on client versions of Windows
#
# If you would like to submit a bug report, please visit:
#   https://bugreport.java.com/bugreport/crash.jsp
#

---------------  S U M M A R Y ------------

Command Line: --add-opens=java.base/java.util=ALL-UNNAMED --add-opens=java.base/java.lang=ALL-UNNAMED --add-opens=java.base/java.lang.invoke=ALL-UNNAMED --add-opens=java.base/java.util=ALL-UNNAMED --add-opens=java.prefs/java.util.prefs=ALL-UNNAMED --add-opens=java.prefs/java.util.prefs=ALL-UNNAMED --add-opens=java.base/java.nio.charset=ALL-UNNAMED --add-opens=java.base/java.net=ALL-UNNAMED --add-opens=java.base/java.util.concurrent.atomic=ALL-UNNAMED -Xmx2048m -Dfile.encoding=UTF-8 -Duser.country=US -Duser.language=en -Duser.variant org.gradle.launcher.daemon.bootstrap.GradleDaemon 7.2

Host: Intel(R) Pentium(R) CPU G620 @ 2.60GHz, 2 cores, 5G,  Windows 10 , 64 bit Build 19041 (10.0.19041.1466)
Time: Wed Feb 16 22:10:12 2022 India Standard Time elapsed time: 106.092687 seconds (0d 0h 1m 46s)

---------------  T H R E A D  ---------------

Current thread (0x000001a40ad57800):  JavaThread "WorkerExecutor Queue Thread 2" [_thread_in_Java, id=2268, stack(0x0000003521200000,0x0000003521300000)]

Stack: [0x0000003521200000,0x0000003521300000],  sp=0x00000035212fbd08,  free space=1007k
Native frames: (J=compiled Java code, j=interpreted, Vv=VM code, C=native code)
C  0x000001a46d5d2767


siginfo: EXCEPTION_ACCESS_VIOLATION (0xc0000005), reading address 0x0000000437048bd8


Register to memory mapping:

RIP=0x000001a46d5d2767 is at entry_point+7 in a vtable stub
vtable stub (index = 1, receiver_location = 4, code = [0x000001a46d5d2760, 0x000001a46d5d2772[)
RAX=0x0000000437048a00 is an unknown value
RBX={method} {0x000001a410581e18} 'y' '()Lcom/android/tools/r8/internal/Br1;' in 'com/android/tools/r8/internal/Es1'
RCX=0x000001a47cd2dcdc points into unknown readable memory: 20 20 20 20
RDX=0x0000000086d7ace0 points into unknown readable memory: 0x86b355f085b972f8 | f8 72 b9 85 f0 55 b3 86
RSP=0x00000035212fbd08 is pointing into the stack for thread: 0x000001a40ad57800
RBP=0x00000035212fc500 is pointing into the stack for thread: 0x000001a40ad57800
RSI=0x0000000100dbdd60 is a pointer to class: 
com.android.tools.r8.internal.Es1 {0x0000000100dbdd68}
RDI=0x000001a410897628 is pointing into metadata
R8 =0x0000000086d7acf0 is an oop: com.android.tools.r8.internal.Uz0 
{0x0000000086d7acf0} - klass: 'com/android/tools/r8/internal/Uz0'
R9 =0x0000000086d7acf0 is an oop: com.android.tools.r8.internal.Uz0 
{0x0000000086d7acf0} - klass: 'com/android/tools/r8/internal/Uz0'
R10=0x000001a4680b1000 points into unknown readable memory: 0x0000000000000000 | 00 00 00 00 00 00 00 00
R11=0x0000000085b85428 is an oop: com.android.tools.r8.graph.X0 
{0x0000000085b85428} - klass: 'com/android/tools/r8/graph/X0'
R12=0x0 is NULL
R13=0x000001a47cd2dcdc points into unknown readable memory: 20 20 20 20
R14=0x0000000089fccbc8 is an oop: java.util.LinkedList$Node 
{0x0000000089fccbc8} - klass: 'java/util/LinkedList$Node'
R15=0x000001a40ad57800 is a thread


Registers:
RAX=0x0000000437048a00, RBX=0x000001a410581e10, RCX=0x000001a47cd2dcdc, RDX=0x0000000086d7ace0
RSP=0x00000035212fbd08, RBP=0x00000035212fc500, RSI=0x0000000100dbdd60, RDI=0x000001a410897628
R8 =0x0000000086d7acf0, R9 =0x0000000086d7acf0, R10=0x000001a4680b1000, R11=0x0000000085b85428
R12=0x0000000000000000, R13=0x000001a47cd2dcdc, R14=0x0000000089fccbc8, R15=0x000001a40ad57800
RIP=0x000001a46d5d2767, EFLAGS=0x0000000000010206

Top of Stack: (sp=0x00000035212fbd08)
0x00000035212fbd08:   000001a46f6fb84c 000001a400000000
0x00000035212fbd18:   0000000000000000 00000035212fc500
0x00000035212fbd28:   000001a46f86cedc 00000035212fc500
0x00000035212fbd38:   000001a46f6fd374 00000000000030e6
0x00000035212fbd48:   0000000000000150 0000000086d7acf0
0x00000035212fbd58:   0000000089b9b7b0 0000000089b9a700
0x00000035212fbd68:   0000000000000000 000001a47cd2dcdc
0x00000035212fbd78:   0000000000000001 00000035212fc500
0x00000035212fbd88:   000001a46f7c4ec4 0000000000000047
0x00000035212fbd98:   000001a41076b1b0 00000035212fc500
0x00000035212fbda8:   000001a475151e64 00000035212fc500
0x00000035212fbdb8:   000001a46f779ebc 00000035212fc500
0x00000035212fbdc8:   000001a46f7683f4 0000000089b9b708
0x00000035212fbdd8:   000000008a0dc180 000001a40ad57800
0x00000035212fbde8:   0000000089fccbc8 0000000089b9b560
0x00000035212fbdf8:   0000000000000000 0000000000000006 

Instructions: (pc=0x000001a46d5d2767)
0x000001a46d5d2667:   00 00 00 00 00 00 00 00 00 00 00 00 00 00 00 00
0x000001a46d5d2677:   00 00 00 00 00 00 00 00 00 16 00 00 00 00 00 00
0x000001a46d5d2687:   00 01 00 00 00 00 00 00 00 e0 91 7c 42 ff 7f 00
0x000001a46d5d2697:   00 00 00 00 00 78 0a 00 00 68 00 00 00 ff ff ff
0x000001a46d5d26a7:   ff 78 0a 00 00 00 00 00 00 00 27 5d 6d a4 01 00
0x000001a46d5d26b7:   00 08 31 5d 6d a4 01 00 00 00 27 5d 6d a4 01 00
0x000001a46d5d26c7:   00 08 31 5d 6d a4 01 00 00 f8 26 5d 6d a4 01 00
0x000001a46d5d26d7:   00 f8 26 5d 6d a4 01 00 00 00 00 00 00 00 00 00
0x000001a46d5d26e7:   00 00 00 00 00 00 00 00 00 60 b5 80 42 ff 7f 00
0x000001a46d5d26f7:   00 00 00 00 00 00 00 00 00 00 00 00 00 00 00 00
0x000001a46d5d2707:   00 03 00 0e 00 00 00 01 00 8b 42 08 48 c1 e0 03
0x000001a46d5d2717:   48 8b 98 e8 01 00 00 ff 63 38 00 00 00 00 00 00
0x000001a46d5d2727:   00 00 00 00 00 00 00 00 00 00 00 00 00 00 00 00
0x000001a46d5d2737:   00 00 00 00 00 00 00 00 00 00 00 00 00 00 00 00
0x000001a46d5d2747:   00 00 00 00 00 00 00 00 00 00 00 00 00 00 00 00
0x000001a46d5d2757:   00 01 00 0e 00 00 00 01 00 8b 42 08 48 c1 e0 03
0x000001a46d5d2767:   48 8b 98 d8 01 00 00 ff 63 38 00 00 00 00 00 00
0x000001a46d5d2777:   00 00 00 00 00 00 00 00 00 03 00 7b 00 07 00 00
0x000001a46d5d2787:   00 48 8b 58 08 48 8b 00 44 8b 52 08 49 c1 e2 03
0x000001a46d5d2797:   45 8b 9a c4 00 00 00 4f 8d 9c da d0 01 00 00 4d
0x000001a46d5d27a7:   8b 13 49 3b da 74 15 4d 85 d2 0f 84 4f 00 00 00
0x000001a46d5d27b7:   49 83 c3 10 4d 8b 13 49 3b da 75 eb 44 8b 52 08
0x000001a46d5d27c7:   49 c1 e2 03 45 8b 9a c4 00 00 00 4f 8d 9c da d0
0x000001a46d5d27d7:   01 00 00 4d 8d 52 18 49 8b 1b 48 3b c3 74 15 48
0x000001a46d5d27e7:   85 db 0f 84 17 00 00 00 49 83 c3 10 49 8b 1b 48
0x000001a46d5d27f7:   3b c3 75 eb 45 8b 5b 08 4b 8b 1c 1a ff 63 38 e9
0x000001a46d5d2807:   f5 5a f1 ff 00 00 00 00 00 00 00 00 00 00 00 00
0x000001a46d5d2817:   00 00 00 00 00 00 00 00 00 00 00 00 00 00 00 00
0x000001a46d5d2827:   00 00 00 00 00 00 00 00 00 00 00 00 00 00 00 00
0x000001a46d5d2837:   00 00 00 00 00 00 00 00 00 00 00 00 00 00 00 00
0x000001a46d5d2847:   00 00 00 00 00 00 00 00 00 00 00 00 00 00 00 00
0x000001a46d5d2857:   00 00 00 00 00 00 00 00 00 00 00 00 00 00 00 00 


Stack slot to memory mapping:
stack at sp + 0 slots: 0x000001a46f6fb84c is at entry_point+460 in (nmethod*)0x000001a46f6fb390
stack at sp + 1 slots: 0x000001a400000000 points into unknown readable memory: 0x0000000000000000 | 00 00 00 00 00 00 00 00
stack at sp + 2 slots: 0x0 is NULL
stack at sp + 3 slots: 0x00000035212fc500 is pointing into the stack for thread: 0x000001a40ad57800
stack at sp + 4 slots: 0x000001a46f86cedc is at entry_point+252 in (nmethod*)0x000001a46f86cc10
stack at sp + 5 slots: 0x00000035212fc500 is pointing into the stack for thread: 0x000001a40ad57800
stack at sp + 6 slots: 0x000001a46f6fd374 is at entry_point+916 in (nmethod*)0x000001a46f6fce10
stack at sp + 7 slots: 0x00000000000030e6 is an unknown value



---------------  P R O C E S S  ---------------

Threads class SMR info:
_java_thread_list=0x000001a406ee62d0, length=69, elements={
0x000001a468213000, 0x000001a47f8f3800, 0x000001a47f8f7000, 0x000001a47f90e800,
0x000001a47f90f000, 0x000001a47f910800, 0x000001a47f917800, 0x000001a47f919000,
0x000001a47f91d800, 0x000001a47fbbf800, 0x000001a406439000, 0x000001a405fce800,
0x000001a404ddf800, 0x000001a405c4b000, 0x000001a406321800, 0x000001a405bb1800,
0x000001a4062e3800, 0x000001a406596800, 0x000001a4065c7800, 0x000001a4065c6000,
0x000001a4065c7000, 0x000001a4065c9800, 0x000001a4065c8800, 0x000001a4065ca000,
0x000001a4065cb000, 0x000001a4065c5800, 0x000001a4065cc000, 0x000001a47fd5f000,
0x000001a47fd63000, 0x000001a47fd60000, 0x000001a47fd66800, 0x000001a47fd65000,
0x000001a47fd62800, 0x000001a47fd65800, 0x000001a47fd67800, 0x000001a47fd61800,
0x000001a47fd6d000, 0x000001a47fd68000, 0x000001a47fd6e000, 0x000001a47fd6a800,
0x000001a47fd6b800, 0x000001a47fd6c000, 0x000001a47fd69000, 0x000001a47fd69800,
0x000001a40826e800, 0x000001a40826c000, 0x000001a408269800, 0x000001a40826f800,
0x000001a40826d800, 0x000001a40826a800, 0x000001a408270000, 0x000001a408271000,
0x000001a40826b800, 0x000001a408272000, 0x000001a408272800, 0x000001a40826d000,
0x000001a408276800, 0x000001a408274000, 0x000001a408273800, 0x000001a408277800,
0x000001a408276000, 0x000001a40ad51800, 0x000001a40ad52800, 0x000001a40ad53800,
0x000001a40ad56000, 0x000001a40ad54000, 0x000001a40ad55000, 0x000001a40ad51000,
0x000001a40ad57800
}

Java Threads: ( => current thread )
  0x000001a468213000 JavaThread "main" [_thread_blocked, id=9056, stack(0x000000351c600000,0x000000351c700000)]
  0x000001a47f8f3800 JavaThread "Reference Handler" daemon [_thread_blocked, id=388, stack(0x000000351cd00000,0x000000351ce00000)]
  0x000001a47f8f7000 JavaThread "Finalizer" daemon [_thread_blocked, id=6300, stack(0x000000351ce00000,0x000000351cf00000)]
  0x000001a47f90e800 JavaThread "Signal Dispatcher" daemon [_thread_blocked, id=664, stack(0x000000351cf00000,0x000000351d000000)]
  0x000001a47f90f000 JavaThread "Attach Listener" daemon [_thread_blocked, id=8888, stack(0x000000351d000000,0x000000351d100000)]
  0x000001a47f910800 JavaThread "Service Thread" daemon [_thread_blocked, id=8676, stack(0x000000351d100000,0x000000351d200000)]
  0x000001a47f917800 JavaThread "C2 CompilerThread0" daemon [_thread_in_native, id=8680, stack(0x000000351d200000,0x000000351d300000)]
  0x000001a47f919000 JavaThread "C1 CompilerThread0" daemon [_thread_blocked, id=8268, stack(0x000000351d300000,0x000000351d400000)]
  0x000001a47f91d800 JavaThread "Sweeper thread" daemon [_thread_blocked, id=7652, stack(0x000000351d400000,0x000000351d500000)]
  0x000001a47fbbf800 JavaThread "Common-Cleaner" daemon [_thread_blocked, id=5916, stack(0x000000351d500000,0x000000351d600000)]
  0x000001a406439000 JavaThread "Daemon health stats" [_thread_blocked, id=6576, stack(0x000000351d900000,0x000000351da00000)]
  0x000001a405fce800 JavaThread "Incoming local TCP Connector on port 51399" [_thread_in_native, id=7668, stack(0x000000351da00000,0x000000351db00000)]
  0x000001a404ddf800 JavaThread "Daemon periodic checks" [_thread_blocked, id=5296, stack(0x000000351db00000,0x000000351dc00000)]
  0x000001a405c4b000 JavaThread "Daemon" [_thread_blocked, id=6128, stack(0x000000351dc00000,0x000000351dd00000)]
  0x000001a406321800 JavaThread "Handler for socket connection from /127.0.0.1:51399 to /127.0.0.1:51400" [_thread_in_native, id=5708, stack(0x000000351dd00000,0x000000351de00000)]
  0x000001a405bb1800 JavaThread "Cancel handler" [_thread_blocked, id=8232, stack(0x000000351de00000,0x000000351df00000)]
  0x000001a4062e3800 JavaThread "Daemon worker" [_thread_blocked, id=2860, stack(0x000000351df00000,0x000000351e000000)]
  0x000001a406596800 JavaThread "Asynchronous log dispatcher for DefaultDaemonConnection: socket connection from /127.0.0.1:51399 to /127.0.0.1:51400" [_thread_blocked, id=4780, stack(0x000000351e000000,0x000000351e100000)]
  0x000001a4065c7800 JavaThread "Daemon client event forwarder" [_thread_blocked, id=6876, stack(0x000000351e200000,0x000000351e300000)]
  0x000001a4065c6000 JavaThread "Cache worker for journal cache (C:\Users\Yukon\.gradle\caches\journal-1)" [_thread_blocked, id=3996, stack(0x000000351e300000,0x000000351e400000)]
  0x000001a4065c7000 JavaThread "File lock request listener" [_thread_in_native, id=9208, stack(0x000000351e400000,0x000000351e500000)]
  0x000001a4065c9800 JavaThread "Cache worker for file hash cache (C:\Users\Yukon\.gradle\caches\7.2\fileHashes)" [_thread_blocked, id=8316, stack(0x000000351e500000,0x000000351e600000)]
  0x000001a4065c8800 JavaThread "Cache worker for file hash cache (Y:\Yukon\Projects\VideoGameFinder\.gradle\7.2\fileHashes)" [_thread_blocked, id=2184, stack(0x000000351e600000,0x000000351e700000)]
  0x000001a4065ca000 JavaThread "File watcher server" daemon [_thread_in_native, id=7460, stack(0x000000351e700000,0x000000351e800000)]
  0x000001a4065cb000 JavaThread "File watcher consumer" daemon [_thread_blocked, id=9068, stack(0x000000351e800000,0x000000351e900000)]
  0x000001a4065c5800 JavaThread "Cache worker for checksums cache (Y:\Yukon\Projects\VideoGameFinder\.gradle\checksums)" [_thread_blocked, id=8976, stack(0x000000351e900000,0x000000351ea00000)]
  0x000001a4065cc000 JavaThread "Cache worker for cache directory md-supplier (C:\Users\Yukon\.gradle\caches\7.2\md-supplier)" [_thread_blocked, id=3172, stack(0x000000351ea00000,0x000000351eb00000)]
  0x000001a47fd5f000 JavaThread "Cache worker for cache directory md-rule (C:\Users\Yukon\.gradle\caches\7.2\md-rule)" [_thread_blocked, id=7348, stack(0x000000351eb00000,0x000000351ec00000)]
  0x000001a47fd63000 JavaThread "Cache worker for execution history cache (C:\Users\Yukon\.gradle\caches\7.2\executionHistory)" [_thread_blocked, id=5096, stack(0x000000351ec00000,0x000000351ed00000)]
  0x000001a47fd60000 JavaThread "jar transforms" [_thread_blocked, id=8852, stack(0x000000351ed00000,0x000000351ee00000)]
  0x000001a47fd66800 JavaThread "jar transforms Thread 2" [_thread_blocked, id=8328, stack(0x000000351ee00000,0x000000351ef00000)]
  0x000001a47fd65000 JavaThread "Cache worker for file content cache (C:\Users\Yukon\.gradle\caches\7.2\fileContent)" [_thread_blocked, id=7312, stack(0x000000351ef00000,0x000000351f000000)]
  0x000001a47fd62800 JavaThread "Cache worker for dependencies-accessors (Y:\Yukon\Projects\VideoGameFinder\.gradle\7.2\dependencies-accessors)" [_thread_blocked, id=9176, stack(0x000000351f000000,0x000000351f100000)]
  0x000001a47fd65800 JavaThread "Cache worker for Build Output Cleanup Cache (Y:\Yukon\Projects\VideoGameFinder\.gradle\buildOutputCleanup)" [_thread_blocked, id=8324, stack(0x000000351f100000,0x000000351f200000)]
  0x000001a47fd67800 JavaThread "Unconstrained build operations" [_thread_blocked, id=7316, stack(0x000000351f200000,0x000000351f300000)]
  0x000001a47fd61800 JavaThread "Unconstrained build operations Thread 2" [_thread_blocked, id=8748, stack(0x000000351f300000,0x000000351f400000)]
  0x000001a47fd6d000 JavaThread "Unconstrained build operations Thread 3" [_thread_blocked, id=2888, stack(0x000000351f400000,0x000000351f500000)]
  0x000001a47fd68000 JavaThread "Unconstrained build operations Thread 4" [_thread_blocked, id=8996, stack(0x000000351f500000,0x000000351f600000)]
  0x000001a47fd6e000 JavaThread "Unconstrained build operations Thread 5" [_thread_blocked, id=9092, stack(0x000000351f600000,0x000000351f700000)]
  0x000001a47fd6a800 JavaThread "Unconstrained build operations Thread 6" [_thread_blocked, id=544, stack(0x000000351f700000,0x000000351f800000)]
  0x000001a47fd6b800 JavaThread "Unconstrained build operations Thread 7" [_thread_blocked, id=1408, stack(0x000000351f800000,0x000000351f900000)]
  0x000001a47fd6c000 JavaThread "Unconstrained build operations Thread 8" [_thread_blocked, id=8636, stack(0x000000351f900000,0x000000351fa00000)]
  0x000001a47fd69000 JavaThread "Unconstrained build operations Thread 9" [_thread_blocked, id=204, stack(0x000000351fa00000,0x000000351fb00000)]
  0x000001a47fd69800 JavaThread "Unconstrained build operations Thread 10" [_thread_blocked, id=1004, stack(0x000000351fb00000,0x000000351fc00000)]
  0x000001a40826e800 JavaThread "Unconstrained build operations Thread 11" [_thread_blocked, id=4856, stack(0x000000351fc00000,0x000000351fd00000)]
  0x000001a40826c000 JavaThread "Unconstrained build operations Thread 12" [_thread_blocked, id=8992, stack(0x000000351fd00000,0x000000351fe00000)]
  0x000001a408269800 JavaThread "Unconstrained build operations Thread 13" [_thread_blocked, id=9180, stack(0x000000351fe00000,0x000000351ff00000)]
  0x000001a40826f800 JavaThread "Unconstrained build operations Thread 14" [_thread_blocked, id=3876, stack(0x000000351ff00000,0x0000003520000000)]
  0x000001a40826d800 JavaThread "Unconstrained build operations Thread 15" [_thread_blocked, id=7292, stack(0x0000003520000000,0x0000003520100000)]
  0x000001a40826a800 JavaThread "Unconstrained build operations Thread 16" [_thread_blocked, id=8972, stack(0x0000003520100000,0x0000003520200000)]
  0x000001a408270000 JavaThread "Unconstrained build operations Thread 17" [_thread_blocked, id=3968, stack(0x0000003520200000,0x0000003520300000)]
  0x000001a408271000 JavaThread "Unconstrained build operations Thread 18" [_thread_blocked, id=8816, stack(0x0000003520300000,0x0000003520400000)]
  0x000001a40826b800 JavaThread "Unconstrained build operations Thread 19" [_thread_blocked, id=7788, stack(0x0000003520400000,0x0000003520500000)]
  0x000001a408272000 JavaThread "Unconstrained build operations Thread 20" [_thread_blocked, id=5472, stack(0x0000003520500000,0x0000003520600000)]
  0x000001a408272800 JavaThread "Memory manager" [_thread_blocked, id=9116, stack(0x0000003520800000,0x0000003520900000)]
  0x000001a40826d000 JavaThread "build event listener" [_thread_blocked, id=2468, stack(0x0000003520900000,0x0000003520a00000)]
  0x000001a408276800 JavaThread "build event listener" [_thread_blocked, id=1704, stack(0x0000003520a00000,0x0000003520b00000)]
  0x000001a408274000 JavaThread "Execution worker for ':'" [_thread_blocked, id=6076, stack(0x0000003520b00000,0x0000003520c00000)]
  0x000001a408273800 JavaThread "Cache worker for execution history cache (Y:\Yukon\Projects\VideoGameFinder\.gradle\7.2\executionHistory)" [_thread_blocked, id=2376, stack(0x0000003520c00000,0x0000003520d00000)]
  0x000001a408277800 JavaThread "RMI Scheduler(0)" daemon [_thread_blocked, id=8728, stack(0x000000351c300000,0x000000351c400000)]
  0x000001a408276000 JavaThread "RMI GC Daemon" daemon [_thread_blocked, id=5460, stack(0x000000351c500000,0x000000351c600000)]
  0x000001a40ad51800 JavaThread "RMI TCP Accept-0" daemon [_thread_in_native, id=9200, stack(0x000000351e100000,0x000000351e200000)]
  0x000001a40ad52800 JavaThread "RMI Reaper" [_thread_blocked, id=4812, stack(0x0000003520d00000,0x0000003520e00000)]
  0x000001a40ad53800 JavaThread "RMI TCP Connection(2)-127.0.0.1" daemon [_thread_in_native, id=7976, stack(0x0000003520e00000,0x0000003520f00000)]
  0x000001a40ad56000 JavaThread "Cache worker for Java compile cache (C:\Users\Yukon\.gradle\caches\7.2\javaCompile)" [_thread_blocked, id=1920, stack(0x0000003520f00000,0x0000003521000000)]
  0x000001a40ad54000 JavaThread "Build operations" [_thread_blocked, id=8920, stack(0x0000003521000000,0x0000003521100000)]
  0x000001a40ad55000 JavaThread "Build operations Thread 2" [_thread_blocked, id=3604, stack(0x0000003521100000,0x0000003521200000)]
  0x000001a40ad51000 JavaThread "WorkerExecutor Queue" [_thread_in_vm, id=8196, stack(0x000000351c400000,0x000000351c500000)]
=>0x000001a40ad57800 JavaThread "WorkerExecutor Queue Thread 2" [_thread_in_Java, id=2268, stack(0x0000003521200000,0x0000003521300000)]

Other Threads:
  0x000001a47f8eb800 VMThread "VM Thread" [stack: 0x000000351cc00000,0x000000351cd00000] [id=6060] _threads_hazard_ptr=0x000001a406ee62d0
  0x000001a47fc03000 WatcherThread [stack: 0x000000351d600000,0x000000351d700000] [id=3824]
  0x000001a46822e800 GCTaskThread "GC Thread#0" [stack: 0x000000351c700000,0x000000351c800000] [id=3104]
  0x000001a47fca9000 GCTaskThread "GC Thread#1" [stack: 0x000000351d700000,0x000000351d800000] [id=4164]
  0x000001a468260800 ConcurrentGCThread "G1 Main Marker" [stack: 0x000000351c800000,0x000000351c900000] [id=7864]
  0x000001a468261800 ConcurrentGCThread "G1 Conc#0" [stack: 0x000000351c900000,0x000000351ca00000] [id=8388]
  0x000001a4682c9800 ConcurrentGCThread "G1 Refine#0" [stack: 0x000000351ca00000,0x000000351cb00000] [id=7720]
  0x000001a405e3f000 ConcurrentGCThread "G1 Refine#1" [stack: 0x000000351d800000,0x000000351d900000] [id=7544]
  0x000001a4682ca800 ConcurrentGCThread "G1 Young RemSet Sampling" [stack: 0x000000351cb00000,0x000000351cc00000] [id=7548]

Threads with active compile tasks:
C2 CompilerThread0 106342 13696 %     4       com.android.tools.r8.internal.lH0::a @ 3921 (4225 bytes)

VM state:synchronizing (normal execution)

VM Mutex/Monitor currently owned by a thread:  ([mutex/lock_event])
[0x000001a468211b00] Safepoint_lock - owner thread: 0x000001a47f8eb800
[0x000001a468211d40] Threads_lock - owner thread: 0x000001a47f8eb800

Heap address: 0x0000000080000000, size: 2048 MB, Compressed Oops mode: 32-bit
Narrow klass base: 0x0000000000000000, Narrow klass shift: 3
Compressed class space size: 1073741824 Address: 0x0000000100000000

Heap:
 garbage-first heap   total 172032K, used 129109K [0x0000000080000000, 0x0000000100000000)
  region size 1024K, 18 young (18432K), 2 survivors (2048K)
 Metaspace       used 107427K, capacity 110246K, committed 110500K, reserved 1144832K
  class space    used 13892K, capacity 14937K, committed 14976K, reserved 1048576K
Heap Regions: E=young(eden), S=young(survivor), O=old, HS=humongous(starts), HC=humongous(continues), CS=collection set, F=free, A=archive, TAMS=top-at-mark-start (previous, next)
|   0|0x0000000080000000, 0x0000000080100000, 0x0000000080100000|100%| O|  |TAMS 0x0000000080100000, 0x0000000080000000| Untracked 
|   1|0x0000000080100000, 0x0000000080200000, 0x0000000080200000|100%| O|  |TAMS 0x0000000080200000, 0x0000000080100000| Untracked 
|   2|0x0000000080200000, 0x0000000080300000, 0x0000000080300000|100%| O|  |TAMS 0x0000000080300000, 0x0000000080200000| Untracked 
|   3|0x0000000080300000, 0x0000000080400000, 0x0000000080400000|100%| O|  |TAMS 0x0000000080400000, 0x0000000080300000| Untracked 
|   4|0x0000000080400000, 0x0000000080500000, 0x0000000080500000|100%|HS|  |TAMS 0x0000000080500000, 0x0000000080400000| Complete 
|   5|0x0000000080500000, 0x0000000080600000, 0x0000000080600000|100%|HC|  |TAMS 0x0000000080600000, 0x0000000080500000| Complete 
|   6|0x0000000080600000, 0x0000000080700000, 0x0000000080700000|100%|HC|  |TAMS 0x0000000080700000, 0x0000000080600000| Complete 
|   7|0x0000000080700000, 0x0000000080800000, 0x0000000080800000|100%| O|  |TAMS 0x0000000080800000, 0x0000000080700000| Untracked 
|   8|0x0000000080800000, 0x0000000080900000, 0x0000000080900000|100%| O|  |TAMS 0x0000000080900000, 0x0000000080800000| Untracked 
|   9|0x0000000080900000, 0x0000000080a00000, 0x0000000080a00000|100%| O|  |TAMS 0x0000000080a00000, 0x0000000080900000| Untracked 
|  10|0x0000000080a00000, 0x0000000080b00000, 0x0000000080b00000|100%| O|  |TAMS 0x0000000080b00000, 0x0000000080a00000| Untracked 
|  11|0x0000000080b00000, 0x0000000080c00000, 0x0000000080c00000|100%| O|  |TAMS 0x0000000080c00000, 0x0000000080b00000| Untracked 
|  12|0x0000000080c00000, 0x0000000080d00000, 0x0000000080d00000|100%| O|  |TAMS 0x0000000080d00000, 0x0000000080c00000| Untracked 
|  13|0x0000000080d00000, 0x0000000080e00000, 0x0000000080e00000|100%| O|  |TAMS 0x0000000080e00000, 0x0000000080d00000| Untracked 
|  14|0x0000000080e00000, 0x0000000080f00000, 0x0000000080f00000|100%| O|  |TAMS 0x0000000080f00000, 0x0000000080e00000| Untracked 
|  15|0x0000000080f00000, 0x0000000081000000, 0x0000000081000000|100%| O|  |TAMS 0x0000000081000000, 0x0000000080f00000| Untracked 
|  16|0x0000000081000000, 0x0000000081100000, 0x0000000081100000|100%| O|  |TAMS 0x0000000081100000, 0x0000000081000000| Untracked 
|  17|0x0000000081100000, 0x0000000081200000, 0x0000000081200000|100%| O|  |TAMS 0x0000000081200000, 0x0000000081100000| Untracked 
|  18|0x0000000081200000, 0x0000000081300000, 0x0000000081300000|100%| O|  |TAMS 0x0000000081300000, 0x0000000081200000| Untracked 
|  19|0x0000000081300000, 0x0000000081400000, 0x0000000081400000|100%| O|  |TAMS 0x0000000081400000, 0x0000000081300000| Untracked 
|  20|0x0000000081400000, 0x0000000081500000, 0x0000000081500000|100%| O|  |TAMS 0x0000000081500000, 0x0000000081400000| Untracked 
|  21|0x0000000081500000, 0x0000000081600000, 0x0000000081600000|100%| O|  |TAMS 0x0000000081600000, 0x0000000081500000| Untracked 
|  22|0x0000000081600000, 0x0000000081700000, 0x0000000081700000|100%| O|  |TAMS 0x0000000081700000, 0x0000000081600000| Untracked 
|  23|0x0000000081700000, 0x0000000081800000, 0x0000000081800000|100%| O|  |TAMS 0x0000000081800000, 0x0000000081700000| Untracked 
|  24|0x0000000081800000, 0x0000000081900000, 0x0000000081900000|100%| O|  |TAMS 0x0000000081900000, 0x0000000081800000| Untracked 
|  25|0x0000000081900000, 0x0000000081a00000, 0x0000000081a00000|100%| O|  |TAMS 0x0000000081a00000, 0x0000000081900000| Untracked 
|  26|0x0000000081a00000, 0x0000000081b00000, 0x0000000081b00000|100%| O|  |TAMS 0x0000000081b00000, 0x0000000081a00000| Untracked 
|  27|0x0000000081b00000, 0x0000000081c00000, 0x0000000081c00000|100%|HS|  |TAMS 0x0000000081c00000, 0x0000000081b00000| Complete 
|  28|0x0000000081c00000, 0x0000000081d00000, 0x0000000081d00000|100%|HS|  |TAMS 0x0000000081d00000, 0x0000000081c00000| Complete 
|  29|0x0000000081d00000, 0x0000000081e00000, 0x0000000081e00000|100%|HS|  |TAMS 0x0000000081e00000, 0x0000000081d00000| Complete 
|  30|0x0000000081e00000, 0x0000000081f00000, 0x0000000081f00000|100%|HS|  |TAMS 0x0000000081f00000, 0x0000000081e00000| Complete 
|  31|0x0000000081f00000, 0x0000000082000000, 0x0000000082000000|100%|HS|  |TAMS 0x0000000082000000, 0x0000000081f00000| Complete 
|  32|0x0000000082000000, 0x0000000082100000, 0x0000000082100000|100%|HC|  |TAMS 0x0000000082100000, 0x0000000082000000| Complete 
|  33|0x0000000082100000, 0x0000000082200000, 0x0000000082200000|100%|HC|  |TAMS 0x0000000082200000, 0x0000000082100000| Complete 
|  34|0x0000000082200000, 0x0000000082300000, 0x0000000082300000|100%|HS|  |TAMS 0x0000000082300000, 0x0000000082200000| Complete 
|  35|0x0000000082300000, 0x0000000082400000, 0x0000000082400000|100%|HC|  |TAMS 0x0000000082400000, 0x0000000082300000| Complete 
|  36|0x0000000082400000, 0x0000000082500000, 0x0000000082500000|100%| O|  |TAMS 0x0000000082500000, 0x0000000082400000| Untracked 
|  37|0x0000000082500000, 0x0000000082600000, 0x0000000082600000|100%| O|  |TAMS 0x0000000082600000, 0x0000000082500000| Untracked 
|  38|0x0000000082600000, 0x0000000082700000, 0x0000000082700000|100%| O|  |TAMS 0x0000000082700000, 0x0000000082600000| Untracked 
|  39|0x0000000082700000, 0x0000000082800000, 0x0000000082800000|100%| O|  |TAMS 0x0000000082800000, 0x0000000082700000| Untracked 
|  40|0x0000000082800000, 0x0000000082900000, 0x0000000082900000|100%| O|  |TAMS 0x0000000082900000, 0x0000000082800000| Untracked 
|  41|0x0000000082900000, 0x0000000082a00000, 0x0000000082a00000|100%| O|  |TAMS 0x0000000082a00000, 0x0000000082900000| Untracked 
|  42|0x0000000082a00000, 0x0000000082b00000, 0x0000000082b00000|100%| O|  |TAMS 0x0000000082b00000, 0x0000000082a00000| Untracked 
|  43|0x0000000082b00000, 0x0000000082c00000, 0x0000000082c00000|100%| O|  |TAMS 0x0000000082c00000, 0x0000000082b00000| Untracked 
|  44|0x0000000082c00000, 0x0000000082d00000, 0x0000000082d00000|100%| O|  |TAMS 0x0000000082d00000, 0x0000000082c00000| Untracked 
|  45|0x0000000082d00000, 0x0000000082e00000, 0x0000000082e00000|100%| O|  |TAMS 0x0000000082e00000, 0x0000000082d00000| Untracked 
|  46|0x0000000082e00000, 0x0000000082f00000, 0x0000000082f00000|100%| O|  |TAMS 0x0000000082f00000, 0x0000000082e00000| Untracked 
|  47|0x0000000082f00000, 0x0000000083000000, 0x0000000083000000|100%| O|  |TAMS 0x0000000083000000, 0x0000000082f00000| Untracked 
|  48|0x0000000083000000, 0x0000000083100000, 0x0000000083100000|100%| O|  |TAMS 0x0000000083100000, 0x0000000083000000| Untracked 
|  49|0x0000000083100000, 0x0000000083200000, 0x0000000083200000|100%| O|  |TAMS 0x0000000083200000, 0x0000000083100000| Untracked 
|  50|0x0000000083200000, 0x0000000083200000, 0x0000000083300000|  0%| F|  |TAMS 0x0000000083200000, 0x0000000083200000| Untracked 
|  51|0x0000000083300000, 0x0000000083400000, 0x0000000083400000|100%| O|  |TAMS 0x0000000083400000, 0x0000000083300000| Untracked 
|  52|0x0000000083400000, 0x0000000083500000, 0x0000000083500000|100%| O|  |TAMS 0x0000000083500000, 0x0000000083400000| Untracked 
|  53|0x0000000083500000, 0x0000000083600000, 0x0000000083600000|100%| O|  |TAMS 0x0000000083600000, 0x0000000083500000| Untracked 
|  54|0x0000000083600000, 0x0000000083700000, 0x0000000083700000|100%| O|  |TAMS 0x0000000083700000, 0x0000000083600000| Untracked 
|  55|0x0000000083700000, 0x0000000083800000, 0x0000000083800000|100%| O|  |TAMS 0x0000000083800000, 0x0000000083700000| Untracked 
|  56|0x0000000083800000, 0x0000000083900000, 0x0000000083900000|100%| O|  |TAMS 0x0000000083900000, 0x0000000083800000| Untracked 
|  57|0x0000000083900000, 0x0000000083a00000, 0x0000000083a00000|100%| O|  |TAMS 0x0000000083a00000, 0x0000000083900000| Untracked 
|  58|0x0000000083a00000, 0x0000000083b00000, 0x0000000083b00000|100%| O|  |TAMS 0x0000000083b00000, 0x0000000083a00000| Untracked 
|  59|0x0000000083b00000, 0x0000000083c00000, 0x0000000083c00000|100%| O|  |TAMS 0x0000000083c00000, 0x0000000083b00000| Untracked 
|  60|0x0000000083c00000, 0x0000000083d00000, 0x0000000083d00000|100%| O|  |TAMS 0x0000000083d00000, 0x0000000083c00000| Untracked 
|  61|0x0000000083d00000, 0x0000000083e00000, 0x0000000083e00000|100%| O|  |TAMS 0x0000000083e00000, 0x0000000083d00000| Untracked 
|  62|0x0000000083e00000, 0x0000000083f00000, 0x0000000083f00000|100%| O|  |TAMS 0x0000000083f00000, 0x0000000083e00000| Untracked 
|  63|0x0000000083f00000, 0x0000000084000000, 0x0000000084000000|100%| O|  |TAMS 0x0000000084000000, 0x0000000083f00000| Untracked 
|  64|0x0000000084000000, 0x0000000084100000, 0x0000000084100000|100%| O|  |TAMS 0x0000000084100000, 0x0000000084000000| Untracked 
|  65|0x0000000084100000, 0x0000000084200000, 0x0000000084200000|100%| O|  |TAMS 0x0000000084200000, 0x0000000084100000| Untracked 
|  66|0x0000000084200000, 0x0000000084300000, 0x0000000084300000|100%| O|  |TAMS 0x0000000084300000, 0x0000000084200000| Untracked 
|  67|0x0000000084300000, 0x0000000084400000, 0x0000000084400000|100%| O|  |TAMS 0x0000000084400000, 0x0000000084300000| Untracked 
|  68|0x0000000084400000, 0x0000000084500000, 0x0000000084500000|100%| O|  |TAMS 0x0000000084500000, 0x0000000084400000| Untracked 
|  69|0x0000000084500000, 0x0000000084600000, 0x0000000084600000|100%| O|  |TAMS 0x0000000084600000, 0x0000000084500000| Untracked 
|  70|0x0000000084600000, 0x0000000084700000, 0x0000000084700000|100%| O|  |TAMS 0x0000000084700000, 0x0000000084600000| Untracked 
|  71|0x0000000084700000, 0x0000000084800000, 0x0000000084800000|100%| O|  |TAMS 0x0000000084800000, 0x0000000084700000| Untracked 
|  72|0x0000000084800000, 0x0000000084900000, 0x0000000084900000|100%| O|  |TAMS 0x0000000084900000, 0x0000000084800000| Untracked 
|  73|0x0000000084900000, 0x0000000084a00000, 0x0000000084a00000|100%| O|  |TAMS 0x0000000084a00000, 0x0000000084900000| Untracked 
|  74|0x0000000084a00000, 0x0000000084b00000, 0x0000000084b00000|100%| O|  |TAMS 0x0000000084b00000, 0x0000000084a00000| Untracked 
|  75|0x0000000084b00000, 0x0000000084c00000, 0x0000000084c00000|100%| O|  |TAMS 0x0000000084c00000, 0x0000000084b00000| Untracked 
|  76|0x0000000084c00000, 0x0000000084d00000, 0x0000000084d00000|100%| O|  |TAMS 0x0000000084d00000, 0x0000000084c00000| Untracked 
|  77|0x0000000084d00000, 0x0000000084e00000, 0x0000000084e00000|100%| O|  |TAMS 0x0000000084e00000, 0x0000000084d00000| Untracked 
|  78|0x0000000084e00000, 0x0000000084f00000, 0x0000000084f00000|100%| O|  |TAMS 0x0000000084f00000, 0x0000000084e00000| Untracked 
|  79|0x0000000084f00000, 0x0000000085000000, 0x0000000085000000|100%| O|  |TAMS 0x0000000085000000, 0x0000000084f00000| Untracked 
|  80|0x0000000085000000, 0x0000000085100000, 0x0000000085100000|100%| O|  |TAMS 0x0000000085100000, 0x0000000085000000| Untracked 
|  81|0x0000000085100000, 0x0000000085200000, 0x0000000085200000|100%| O|  |TAMS 0x0000000085200000, 0x0000000085100000| Untracked 
|  82|0x0000000085200000, 0x0000000085300000, 0x0000000085300000|100%| O|  |TAMS 0x0000000085300000, 0x0000000085200000| Untracked 
|  83|0x0000000085300000, 0x0000000085400000, 0x0000000085400000|100%| O|  |TAMS 0x0000000085400000, 0x0000000085300000| Untracked 
|  84|0x0000000085400000, 0x0000000085500000, 0x0000000085500000|100%| O|  |TAMS 0x0000000085500000, 0x0000000085400000| Untracked 
|  85|0x0000000085500000, 0x0000000085600000, 0x0000000085600000|100%| O|  |TAMS 0x0000000085600000, 0x0000000085500000| Untracked 
|  86|0x0000000085600000, 0x0000000085700000, 0x0000000085700000|100%| O|  |TAMS 0x0000000085700000, 0x0000000085600000| Untracked 
|  87|0x0000000085700000, 0x0000000085800000, 0x0000000085800000|100%| O|  |TAMS 0x0000000085800000, 0x0000000085700000| Untracked 
|  88|0x0000000085800000, 0x0000000085900000, 0x0000000085900000|100%| O|  |TAMS 0x0000000085900000, 0x0000000085800000| Untracked 
|  89|0x0000000085900000, 0x0000000085a00000, 0x0000000085a00000|100%| O|  |TAMS 0x0000000085a00000, 0x0000000085900000| Untracked 
|  90|0x0000000085a00000, 0x0000000085b00000, 0x0000000085b00000|100%| O|  |TAMS 0x0000000085b00000, 0x0000000085a00000| Untracked 
|  91|0x0000000085b00000, 0x0000000085c00000, 0x0000000085c00000|100%| O|  |TAMS 0x0000000085c00000, 0x0000000085b00000| Untracked 
|  92|0x0000000085c00000, 0x0000000085d00000, 0x0000000085d00000|100%| O|  |TAMS 0x0000000085d00000, 0x0000000085c00000| Untracked 
|  93|0x0000000085d00000, 0x0000000085e00000, 0x0000000085e00000|100%| O|  |TAMS 0x0000000085e00000, 0x0000000085d00000| Untracked 
|  94|0x0000000085e00000, 0x0000000085f00000, 0x0000000085f00000|100%| O|  |TAMS 0x0000000085f00000, 0x0000000085e00000| Untracked 
|  95|0x0000000085f00000, 0x0000000086000000, 0x0000000086000000|100%| O|  |TAMS 0x0000000086000000, 0x0000000085f00000| Untracked 
|  96|0x0000000086000000, 0x0000000086100000, 0x0000000086100000|100%|HS|  |TAMS 0x0000000086100000, 0x0000000086000000| Complete 
|  97|0x0000000086100000, 0x0000000086200000, 0x0000000086200000|100%|HC|  |TAMS 0x0000000086200000, 0x0000000086100000| Complete 
|  98|0x0000000086200000, 0x0000000086300000, 0x0000000086300000|100%| O|  |TAMS 0x0000000086300000, 0x0000000086200000| Untracked 
|  99|0x0000000086300000, 0x0000000086400000, 0x0000000086400000|100%| O|  |TAMS 0x0000000086400000, 0x0000000086300000| Untracked 
| 100|0x0000000086400000, 0x0000000086500000, 0x0000000086500000|100%| O|  |TAMS 0x0000000086500000, 0x0000000086400000| Untracked 
| 101|0x0000000086500000, 0x0000000086600000, 0x0000000086600000|100%| O|  |TAMS 0x0000000086600000, 0x0000000086500000| Untracked 
| 102|0x0000000086600000, 0x0000000086700000, 0x0000000086700000|100%| O|  |TAMS 0x0000000086700000, 0x0000000086600000| Untracked 
| 103|0x0000000086700000, 0x0000000086800000, 0x0000000086800000|100%| O|  |TAMS 0x0000000086800000, 0x0000000086700000| Untracked 
| 104|0x0000000086800000, 0x0000000086900000, 0x0000000086900000|100%| O|  |TAMS 0x0000000086900000, 0x0000000086800000| Untracked 
| 105|0x0000000086900000, 0x0000000086a00000, 0x0000000086a00000|100%| O|  |TAMS 0x0000000086a00000, 0x0000000086900000| Untracked 
| 106|0x0000000086a00000, 0x0000000086b00000, 0x0000000086b00000|100%| O|  |TAMS 0x0000000086b00000, 0x0000000086a00000| Untracked 
| 107|0x0000000086b00000, 0x0000000086c00000, 0x0000000086c00000|100%| O|  |TAMS 0x0000000086c00000, 0x0000000086b00000| Untracked 
| 108|0x0000000086c00000, 0x0000000086d00000, 0x0000000086d00000|100%| O|  |TAMS 0x0000000086d00000, 0x0000000086c00000| Untracked 
| 109|0x0000000086d00000, 0x0000000086e00000, 0x0000000086e00000|100%| O|  |TAMS 0x0000000086e00000, 0x0000000086d00000| Untracked 
| 110|0x0000000086e00000, 0x0000000086ef0600, 0x0000000086f00000| 93%| O|  |TAMS 0x0000000086ef0600, 0x0000000086e00000| Untracked 
| 111|0x0000000086f00000, 0x0000000086f00000, 0x0000000087000000|  0%| F|  |TAMS 0x0000000086f00000, 0x0000000086f00000| Untracked 
| 112|0x0000000087000000, 0x0000000087000000, 0x0000000087100000|  0%| F|  |TAMS 0x0000000087000000, 0x0000000087000000| Untracked 
| 113|0x0000000087100000, 0x0000000087100000, 0x0000000087200000|  0%| F|  |TAMS 0x0000000087100000, 0x0000000087100000| Untracked 
| 114|0x0000000087200000, 0x0000000087200000, 0x0000000087300000|  0%| F|  |TAMS 0x0000000087200000, 0x0000000087200000| Untracked 
| 115|0x0000000087300000, 0x0000000087300000, 0x0000000087400000|  0%| F|  |TAMS 0x0000000087300000, 0x0000000087300000| Untracked 
| 116|0x0000000087400000, 0x0000000087400000, 0x0000000087500000|  0%| F|  |TAMS 0x0000000087400000, 0x0000000087400000| Untracked 
| 117|0x0000000087500000, 0x0000000087500000, 0x0000000087600000|  0%| F|  |TAMS 0x0000000087500000, 0x0000000087500000| Untracked 
| 118|0x0000000087600000, 0x0000000087600000, 0x0000000087700000|  0%| F|  |TAMS 0x0000000087600000, 0x0000000087600000| Untracked 
| 119|0x0000000087700000, 0x0000000087700000, 0x0000000087800000|  0%| F|  |TAMS 0x0000000087700000, 0x0000000087700000| Untracked 
| 120|0x0000000087800000, 0x0000000087800000, 0x0000000087900000|  0%| F|  |TAMS 0x0000000087800000, 0x0000000087800000| Untracked 
| 121|0x0000000087900000, 0x0000000087900000, 0x0000000087a00000|  0%| F|  |TAMS 0x0000000087900000, 0x0000000087900000| Untracked 
| 122|0x0000000087a00000, 0x0000000087a00000, 0x0000000087b00000|  0%| F|  |TAMS 0x0000000087a00000, 0x0000000087a00000| Untracked 
| 123|0x0000000087b00000, 0x0000000087b00000, 0x0000000087c00000|  0%| F|  |TAMS 0x0000000087b00000, 0x0000000087b00000| Untracked 
| 124|0x0000000087c00000, 0x0000000087c00000, 0x0000000087d00000|  0%| F|  |TAMS 0x0000000087c00000, 0x0000000087c00000| Untracked 
| 125|0x0000000087d00000, 0x0000000087d00000, 0x0000000087e00000|  0%| F|  |TAMS 0x0000000087d00000, 0x0000000087d00000| Untracked 
| 126|0x0000000087e00000, 0x0000000087e00000, 0x0000000087f00000|  0%| F|  |TAMS 0x0000000087e00000, 0x0000000087e00000| Untracked 
| 127|0x0000000087f00000, 0x0000000087f00000, 0x0000000088000000|  0%| F|  |TAMS 0x0000000087f00000, 0x0000000087f00000| Untracked 
| 128|0x0000000088000000, 0x00000000880250f0, 0x0000000088100000| 14%| S|CS|TAMS 0x0000000088000000, 0x0000000088000000| Complete 
| 129|0x0000000088100000, 0x0000000088200000, 0x0000000088200000|100%| S|CS|TAMS 0x0000000088100000, 0x0000000088100000| Complete 
| 130|0x0000000088200000, 0x0000000088200000, 0x0000000088300000|  0%| F|  |TAMS 0x0000000088200000, 0x0000000088200000| Untracked 
| 131|0x0000000088300000, 0x0000000088300000, 0x0000000088400000|  0%| F|  |TAMS 0x0000000088300000, 0x0000000088300000| Untracked 
| 132|0x0000000088400000, 0x0000000088400000, 0x0000000088500000|  0%| F|  |TAMS 0x0000000088400000, 0x0000000088400000| Untracked 
| 133|0x0000000088500000, 0x0000000088500000, 0x0000000088600000|  0%| F|  |TAMS 0x0000000088500000, 0x0000000088500000| Untracked 
| 134|0x0000000088600000, 0x0000000088600000, 0x0000000088700000|  0%| F|  |TAMS 0x0000000088600000, 0x0000000088600000| Untracked 
| 135|0x0000000088700000, 0x0000000088700000, 0x0000000088800000|  0%| F|  |TAMS 0x0000000088700000, 0x0000000088700000| Untracked 
| 136|0x0000000088800000, 0x0000000088800000, 0x0000000088900000|  0%| F|  |TAMS 0x0000000088800000, 0x0000000088800000| Untracked 
| 137|0x0000000088900000, 0x0000000088900000, 0x0000000088a00000|  0%| F|  |TAMS 0x0000000088900000, 0x0000000088900000| Untracked 
| 138|0x0000000088a00000, 0x0000000088a00000, 0x0000000088b00000|  0%| F|  |TAMS 0x0000000088a00000, 0x0000000088a00000| Untracked 
| 139|0x0000000088b00000, 0x0000000088b00000, 0x0000000088c00000|  0%| F|  |TAMS 0x0000000088b00000, 0x0000000088b00000| Untracked 
| 140|0x0000000088c00000, 0x0000000088c00000, 0x0000000088d00000|  0%| F|  |TAMS 0x0000000088c00000, 0x0000000088c00000| Untracked 
| 141|0x0000000088d00000, 0x0000000088d00000, 0x0000000088e00000|  0%| F|  |TAMS 0x0000000088d00000, 0x0000000088d00000| Untracked 
| 142|0x0000000088e00000, 0x0000000088e00000, 0x0000000088f00000|  0%| F|  |TAMS 0x0000000088e00000, 0x0000000088e00000| Untracked 
| 143|0x0000000088f00000, 0x0000000088f00000, 0x0000000089000000|  0%| F|  |TAMS 0x0000000088f00000, 0x0000000088f00000| Untracked 
| 144|0x0000000089000000, 0x0000000089000000, 0x0000000089100000|  0%| F|  |TAMS 0x0000000089000000, 0x0000000089000000| Untracked 
| 145|0x0000000089100000, 0x0000000089100000, 0x0000000089200000|  0%| F|  |TAMS 0x0000000089100000, 0x0000000089100000| Untracked 
| 146|0x0000000089200000, 0x0000000089200000, 0x0000000089300000|  0%| F|  |TAMS 0x0000000089200000, 0x0000000089200000| Untracked 
| 147|0x0000000089300000, 0x0000000089300000, 0x0000000089400000|  0%| F|  |TAMS 0x0000000089300000, 0x0000000089300000| Untracked 
| 148|0x0000000089400000, 0x0000000089400000, 0x0000000089500000|  0%| F|  |TAMS 0x0000000089400000, 0x0000000089400000| Untracked 
| 149|0x0000000089500000, 0x0000000089500000, 0x0000000089600000|  0%| F|  |TAMS 0x0000000089500000, 0x0000000089500000| Untracked 
| 150|0x0000000089600000, 0x0000000089600000, 0x0000000089700000|  0%| F|  |TAMS 0x0000000089600000, 0x0000000089600000| Untracked 
| 151|0x0000000089700000, 0x0000000089700000, 0x0000000089800000|  0%| F|  |TAMS 0x0000000089700000, 0x0000000089700000| Untracked 
| 152|0x0000000089800000, 0x00000000898357a0, 0x0000000089900000| 20%| E|  |TAMS 0x0000000089800000, 0x0000000089800000| Complete 
| 153|0x0000000089900000, 0x0000000089a00000, 0x0000000089a00000|100%| E|CS|TAMS 0x0000000089900000, 0x0000000089900000| Complete 
| 154|0x0000000089a00000, 0x0000000089b00000, 0x0000000089b00000|100%| E|CS|TAMS 0x0000000089a00000, 0x0000000089a00000| Complete 
| 155|0x0000000089b00000, 0x0000000089c00000, 0x0000000089c00000|100%| E|CS|TAMS 0x0000000089b00000, 0x0000000089b00000| Complete 
| 156|0x0000000089c00000, 0x0000000089d00000, 0x0000000089d00000|100%| E|CS|TAMS 0x0000000089c00000, 0x0000000089c00000| Complete 
| 157|0x0000000089d00000, 0x0000000089e00000, 0x0000000089e00000|100%| E|CS|TAMS 0x0000000089d00000, 0x0000000089d00000| Complete 
| 158|0x0000000089e00000, 0x0000000089f00000, 0x0000000089f00000|100%| E|CS|TAMS 0x0000000089e00000, 0x0000000089e00000| Complete 
| 159|0x0000000089f00000, 0x000000008a000000, 0x000000008a000000|100%| E|CS|TAMS 0x0000000089f00000, 0x0000000089f00000| Complete 
| 160|0x000000008a000000, 0x000000008a100000, 0x000000008a100000|100%| E|CS|TAMS 0x000000008a000000, 0x000000008a000000| Complete 
| 161|0x000000008a100000, 0x000000008a200000, 0x000000008a200000|100%| E|CS|TAMS 0x000000008a100000, 0x000000008a100000| Complete 
| 162|0x000000008a200000, 0x000000008a300000, 0x000000008a300000|100%| E|CS|TAMS 0x000000008a200000, 0x000000008a200000| Complete 
| 163|0x000000008a300000, 0x000000008a400000, 0x000000008a400000|100%| E|CS|TAMS 0x000000008a300000, 0x000000008a300000| Complete 
| 164|0x000000008a400000, 0x000000008a500000, 0x000000008a500000|100%| E|CS|TAMS 0x000000008a400000, 0x000000008a400000| Complete 
| 165|0x000000008a500000, 0x000000008a600000, 0x000000008a600000|100%| E|CS|TAMS 0x000000008a500000, 0x000000008a500000| Complete 
| 166|0x000000008a600000, 0x000000008a700000, 0x000000008a700000|100%| E|CS|TAMS 0x000000008a600000, 0x000000008a600000| Complete 
| 167|0x000000008a700000, 0x000000008a800000, 0x000000008a800000|100%| E|CS|TAMS 0x000000008a700000, 0x000000008a700000| Complete 

Card table byte_map: [0x000001a47cce0000,0x000001a47d0e0000] _byte_map_base: 0x000001a47c8e0000

Marking Bits (Prev, Next): (CMBitMap*) 0x000001a468257a08, (CMBitMap*) 0x000001a468257a40
 Prev Bits: [0x000001a47d4e0000, 0x000001a47f4e0000)
 Next Bits: [0x000001a400000000, 0x000001a402000000)

Polling page: 0x000001a4680b0000

Metaspace:

Usage:
  Non-class:     93.08 MB capacity,    91.34 MB ( 98%) used,     1.40 MB (  2%) free+waste,   335.56 KB ( <1%) overhead. 
      Class:     14.59 MB capacity,    13.57 MB ( 93%) used,   893.01 KB (  6%) free+waste,   151.06 KB (  1%) overhead. 
       Both:    107.66 MB capacity,   104.91 MB ( 97%) used,     2.28 MB (  2%) free+waste,   486.63 KB ( <1%) overhead. 

Virtual space:
  Non-class space:       94.00 MB reserved,      93.29 MB (>99%) committed 
      Class space:        1.00 GB reserved,      14.63 MB (  1%) committed 
             Both:        1.09 GB reserved,     107.91 MB ( 10%) committed 

Chunk freelists:
   Non-Class:  23.00 KB
       Class:  7.00 KB
        Both:  30.00 KB

MaxMetaspaceSize: 17179869184.00 GB
CompressedClassSpaceSize: 1.00 GB

CodeHeap 'non-profiled nmethods': size=120064Kb used=7811Kb max_used=7811Kb free=112252Kb
 bounds [0x000001a474fa0000, 0x000001a475750000, 0x000001a47c4e0000]
CodeHeap 'profiled nmethods': size=120000Kb used=32634Kb max_used=32634Kb free=87365Kb
 bounds [0x000001a46da70000, 0x000001a46fa50000, 0x000001a474fa0000]
CodeHeap 'non-nmethods': size=5696Kb used=2338Kb max_used=2374Kb free=3357Kb
 bounds [0x000001a46d4e0000, 0x000001a46d750000, 0x000001a46da70000]
 total_blobs=14760 nmethods=13784 adapters=887
 compilation: enabled
              stopped_count=0, restarted_count=0
 full_count=0

Compilation events (20 events):
Event: 105.872 Thread 0x000001a47f919000 13811       2       java.util.stream.StreamSpliterators$AbstractWrappingSpliterator::fillBuffer (64 bytes)
Event: 105.873 Thread 0x000001a47f919000 nmethod 13811 0x000001a46fa41710 code [0x000001a46fa41900, 0x000001a46fa41c08]
Event: 105.881 Thread 0x000001a47f919000 13812       2       com.android.tools.r8.internal.vJ0::a (401 bytes)
Event: 105.882 Thread 0x000001a47f919000 nmethod 13812 0x000001a46fa41d90 code [0x000001a46fa420a0, 0x000001a46fa42cd8]
Event: 105.908 Thread 0x000001a47f919000 13814       2       java.util.IdentityHashMap::closeDeletion (107 bytes)
Event: 105.909 Thread 0x000001a47f919000 nmethod 13814 0x000001a46fa43310 code [0x000001a46fa434e0, 0x000001a46fa439a8]
Event: 105.909 Thread 0x000001a47f919000 13815       2       java.util.IdentityHashMap::remove (102 bytes)
Event: 105.909 Thread 0x000001a47f919000 nmethod 13815 0x000001a46fa43b90 code [0x000001a46fa43d60, 0x000001a46fa44058]
Event: 105.911 Thread 0x000001a47f919000 13816       2       com.android.tools.r8.internal.SX0::j2 (84 bytes)
Event: 105.911 Thread 0x000001a47f919000 nmethod 13816 0x000001a46fa44210 code [0x000001a46fa44420, 0x000001a46fa44788]
Event: 105.912 Thread 0x000001a47f919000 13817       1       com.android.tools.r8.internal.xJ0::Y0 (2 bytes)
Event: 105.912 Thread 0x000001a47f919000 nmethod 13817 0x000001a47573ef10 code [0x000001a47573f0c0, 0x000001a47573f178]
Event: 105.914 Thread 0x000001a47f919000 13818       2       com.android.tools.r8.ir.regalloc.c::d (103 bytes)
Event: 105.915 Thread 0x000001a47f919000 nmethod 13818 0x000001a46fa44990 code [0x000001a46fa44bc0, 0x000001a46fa44fc8]
Event: 105.916 Thread 0x000001a47f919000 13819       2       java.util.BitSet::clear (70 bytes)
Event: 105.917 Thread 0x000001a47f919000 nmethod 13819 0x000001a46fa45290 code [0x000001a46fa454c0, 0x000001a46fa45998]
Event: 105.917 Thread 0x000001a47f919000 13820       2       java.util.BitSet::set (18 bytes)
Event: 105.918 Thread 0x000001a47f919000 nmethod 13820 0x000001a46fa45c10 code [0x000001a46fa45de0, 0x000001a46fa45f18]
Event: 105.918 Thread 0x000001a47f919000 13821       1       com.android.tools.r8.ir.regalloc.c::I (5 bytes)
Event: 105.918 Thread 0x000001a47f919000 nmethod 13821 0x000001a47573f210 code [0x000001a47573f3c0, 0x000001a47573f478]

GC Heap History (20 events):
Event: 100.436 GC heap before
{Heap before GC invocations=40 (full 0):
 garbage-first heap   total 143360K, used 113141K [0x0000000080000000, 0x0000000100000000)
  region size 1024K, 17 young (17408K), 2 survivors (2048K)
 Metaspace       used 98999K, capacity 101499K, committed 101668K, reserved 1136640K
  class space    used 12797K, capacity 13711K, committed 13824K, reserved 1048576K
}
Event: 100.443 GC heap after
{Heap after GC invocations=41 (full 0):
 garbage-first heap   total 143360K, used 100635K [0x0000000080000000, 0x0000000100000000)
  region size 1024K, 2 young (2048K), 2 survivors (2048K)
 Metaspace       used 98999K, capacity 101499K, committed 101668K, reserved 1136640K
  class space    used 12797K, capacity 13711K, committed 13824K, reserved 1048576K
}
Event: 101.080 GC heap before
{Heap before GC invocations=42 (full 0):
 garbage-first heap   total 143360K, used 114971K [0x0000000080000000, 0x0000000100000000)
  region size 1024K, 16 young (16384K), 2 survivors (2048K)
 Metaspace       used 100010K, capacity 102550K, committed 102820K, reserved 1138688K
  class space    used 12906K, capacity 13845K, committed 13952K, reserved 1048576K
}
Event: 101.097 GC heap after
{Heap after GC invocations=43 (full 0):
 garbage-first heap   total 143360K, used 105113K [0x0000000080000000, 0x0000000100000000)
  region size 1024K, 2 young (2048K), 2 survivors (2048K)
 Metaspace       used 100010K, capacity 102550K, committed 102820K, reserved 1138688K
  class space    used 12906K, capacity 13845K, committed 13952K, reserved 1048576K
}
Event: 101.389 GC heap before
{Heap before GC invocations=43 (full 0):
 garbage-first heap   total 143360K, used 117401K [0x0000000080000000, 0x0000000100000000)
  region size 1024K, 14 young (14336K), 2 survivors (2048K)
 Metaspace       used 100517K, capacity 103057K, committed 103332K, reserved 1138688K
  class space    used 12989K, capacity 13927K, committed 13952K, reserved 1048576K
}
Event: 101.410 GC heap after
{Heap after GC invocations=44 (full 0):
 garbage-first heap   total 143360K, used 109101K [0x0000000080000000, 0x0000000100000000)
  region size 1024K, 2 young (2048K), 2 survivors (2048K)
 Metaspace       used 100517K, capacity 103057K, committed 103332K, reserved 1138688K
  class space    used 12989K, capacity 13927K, committed 13952K, reserved 1048576K
}
Event: 101.976 GC heap before
{Heap before GC invocations=45 (full 0):
 garbage-first heap   total 143360K, used 118317K [0x0000000080000000, 0x0000000100000000)
  region size 1024K, 12 young (12288K), 2 survivors (2048K)
 Metaspace       used 101342K, capacity 103884K, committed 103972K, reserved 1138688K
  class space    used 13097K, capacity 14028K, committed 14080K, reserved 1048576K
}
Event: 101.993 GC heap after
{Heap after GC invocations=46 (full 0):
 garbage-first heap   total 143360K, used 111383K [0x0000000080000000, 0x0000000100000000)
  region size 1024K, 2 young (2048K), 2 survivors (2048K)
 Metaspace       used 101342K, capacity 103884K, committed 103972K, reserved 1138688K
  class space    used 13097K, capacity 14028K, committed 14080K, reserved 1048576K
}
Event: 102.621 GC heap before
{Heap before GC invocations=46 (full 0):
 garbage-first heap   total 143360K, used 119575K [0x0000000080000000, 0x0000000100000000)
  region size 1024K, 11 young (11264K), 2 survivors (2048K)
 Metaspace       used 103292K, capacity 105879K, committed 106148K, reserved 1140736K
  class space    used 13401K, capacity 14375K, committed 14464K, reserved 1048576K
}
Event: 102.631 GC heap after
{Heap after GC invocations=47 (full 0):
 garbage-first heap   total 143360K, used 112226K [0x0000000080000000, 0x0000000100000000)
  region size 1024K, 1 young (1024K), 1 survivors (1024K)
 Metaspace       used 103292K, capacity 105879K, committed 106148K, reserved 1140736K
  class space    used 13401K, capacity 14375K, committed 14464K, reserved 1048576K
}
Event: 103.412 GC heap before
{Heap before GC invocations=48 (full 0):
 garbage-first heap   total 143360K, used 121442K [0x0000000080000000, 0x0000000100000000)
  region size 1024K, 10 young (10240K), 1 survivors (1024K)
 Metaspace       used 105165K, capacity 107888K, committed 108068K, reserved 1142784K
  class space    used 13713K, capacity 14725K, committed 14848K, reserved 1048576K
}
Event: 103.420 GC heap after
{Heap after GC invocations=49 (full 0):
 garbage-first heap   total 143360K, used 112559K [0x0000000080000000, 0x0000000100000000)
  region size 1024K, 1 young (1024K), 1 survivors (1024K)
 Metaspace       used 105165K, capacity 107888K, committed 108068K, reserved 1142784K
  class space    used 13713K, capacity 14725K, committed 14848K, reserved 1048576K
}
Event: 103.826 GC heap before
{Heap before GC invocations=49 (full 0):
 garbage-first heap   total 143360K, used 120751K [0x0000000080000000, 0x0000000100000000)
  region size 1024K, 10 young (10240K), 1 survivors (1024K)
 Metaspace       used 105690K, capacity 108434K, committed 108580K, reserved 1142784K
  class space    used 13758K, capacity 14797K, committed 14848K, reserved 1048576K
}
Event: 103.834 GC heap after
{Heap after GC invocations=50 (full 0):
 garbage-first heap   total 143360K, used 113465K [0x0000000080000000, 0x0000000100000000)
  region size 1024K, 2 young (2048K), 2 survivors (2048K)
 Metaspace       used 105690K, capacity 108434K, committed 108580K, reserved 1142784K
  class space    used 13758K, capacity 14797K, committed 14848K, reserved 1048576K
}
Event: 104.532 GC heap before
{Heap before GC invocations=51 (full 0):
 garbage-first heap   total 143360K, used 122681K [0x0000000080000000, 0x0000000100000000)
  region size 1024K, 11 young (11264K), 2 survivors (2048K)
 Metaspace       used 106283K, capacity 109002K, committed 109220K, reserved 1144832K
  class space    used 13832K, capacity 14855K, committed 14976K, reserved 1048576K
}
Event: 104.543 GC heap after
{Heap after GC invocations=52 (full 0):
 garbage-first heap   total 143360K, used 113752K [0x0000000080000000, 0x0000000100000000)
  region size 1024K, 2 young (2048K), 2 survivors (2048K)
 Metaspace       used 106283K, capacity 109002K, committed 109220K, reserved 1144832K
  class space    used 13832K, capacity 14855K, committed 14976K, reserved 1048576K
}
Event: 104.800 GC heap before
{Heap before GC invocations=52 (full 0):
 garbage-first heap   total 143360K, used 118872K [0x0000000080000000, 0x0000000100000000)
  region size 1024K, 7 young (7168K), 2 survivors (2048K)
 Metaspace       used 106668K, capacity 109434K, committed 109732K, reserved 1144832K
  class space    used 13840K, capacity 14891K, committed 14976K, reserved 1048576K
}
Event: 104.809 GC heap after
{Heap after GC invocations=53 (full 0):
 garbage-first heap   total 143360K, used 113350K [0x0000000080000000, 0x0000000100000000)
  region size 1024K, 1 young (1024K), 1 survivors (1024K)
 Metaspace       used 106668K, capacity 109434K, committed 109732K, reserved 1144832K
  class space    used 13840K, capacity 14891K, committed 14976K, reserved 1048576K
}
Event: 105.209 GC heap before
{Heap before GC invocations=53 (full 0):
 garbage-first heap   total 143360K, used 122566K [0x0000000080000000, 0x0000000100000000)
  region size 1024K, 10 young (10240K), 1 survivors (1024K)
 Metaspace       used 106946K, capacity 109662K, committed 109988K, reserved 1144832K
  class space    used 13848K, capacity 14896K, committed 14976K, reserved 1048576K
}
Event: 105.217 GC heap after
{Heap after GC invocations=54 (full 0):
 garbage-first heap   total 172032K, used 113749K [0x0000000080000000, 0x0000000100000000)
  region size 1024K, 2 young (2048K), 2 survivors (2048K)
 Metaspace       used 106946K, capacity 109662K, committed 109988K, reserved 1144832K
  class space    used 13848K, capacity 14896K, committed 14976K, reserved 1048576K
}

Deoptimization events (20 events):
Event: 104.788 Thread 0x000001a40ad51000 Uncommon trap: trap_request=0xffffffde fr.pc=0x000001a47570faa4 relative=0x0000000000000324
Event: 104.788 Thread 0x000001a40ad51000 Uncommon trap: reason=class_check action=maybe_recompile pc=0x000001a47570faa4 method=com.android.tools.r8.internal.SR0.c(Lcom/android/tools/r8/internal/AU0;)V @ 138 c2
Event: 104.788 Thread 0x000001a40ad51000 DEOPT PACKING pc=0x000001a47570faa4 sp=0x000000351c4fbaa0
Event: 104.788 Thread 0x000001a40ad51000 DEOPT UNPACKING pc=0x000001a46d5062a9 sp=0x000000351c4fba58 mode 2
Event: 104.789 Thread 0x000001a40ad51000 Uncommon trap: trap_request=0xffffffde fr.pc=0x000001a47570faa4 relative=0x0000000000000324
Event: 104.789 Thread 0x000001a40ad51000 Uncommon trap: reason=class_check action=maybe_recompile pc=0x000001a47570faa4 method=com.android.tools.r8.internal.SR0.c(Lcom/android/tools/r8/internal/AU0;)V @ 138 c2
Event: 104.789 Thread 0x000001a40ad51000 DEOPT PACKING pc=0x000001a47570faa4 sp=0x000000351c4fbb90
Event: 104.789 Thread 0x000001a40ad51000 DEOPT UNPACKING pc=0x000001a46d5062a9 sp=0x000000351c4fbb58 mode 2
Event: 104.796 Thread 0x000001a40ad51000 Uncommon trap: trap_request=0xffffff4d fr.pc=0x000001a475656f50 relative=0x0000000000000230
Event: 104.796 Thread 0x000001a40ad51000 Uncommon trap: reason=unstable_if action=reinterpret pc=0x000001a475656f50 method=com.android.tools.r8.graph.W0.a([C)I @ 44 c2
Event: 104.796 Thread 0x000001a40ad51000 DEOPT PACKING pc=0x000001a475656f50 sp=0x000000351c4fc220
Event: 104.796 Thread 0x000001a40ad51000 DEOPT UNPACKING pc=0x000001a46d5062a9 sp=0x000000351c4fc198 mode 2
Event: 104.908 Thread 0x000001a40ad51000 Uncommon trap: trap_request=0xffffffde fr.pc=0x000001a47570faa4 relative=0x0000000000000324
Event: 104.908 Thread 0x000001a40ad51000 Uncommon trap: reason=class_check action=maybe_recompile pc=0x000001a47570faa4 method=com.android.tools.r8.internal.SR0.c(Lcom/android/tools/r8/internal/AU0;)V @ 138 c2
Event: 104.908 Thread 0x000001a40ad51000 DEOPT PACKING pc=0x000001a47570faa4 sp=0x000000351c4fbe30
Event: 104.908 Thread 0x000001a40ad51000 DEOPT UNPACKING pc=0x000001a46d5062a9 sp=0x000000351c4fbde8 mode 2
Event: 105.264 Thread 0x000001a40ad51000 Uncommon trap: trap_request=0xffffff4d fr.pc=0x000001a4756ed87c relative=0x000000000000141c
Event: 105.264 Thread 0x000001a40ad51000 Uncommon trap: reason=unstable_if action=reinterpret pc=0x000001a4756ed87c method=com.android.tools.r8.graph.l.a(Lcom/android/tools/r8/graph/X0;Lcom/android/tools/r8/graph/X0;Lcom/android/tools/r8/graph/i;)Z @ 83 c2
Event: 105.264 Thread 0x000001a40ad51000 DEOPT PACKING pc=0x000001a4756ed87c sp=0x000000351c4fbf70
Event: 105.264 Thread 0x000001a40ad51000 DEOPT UNPACKING pc=0x000001a46d5062a9 sp=0x000000351c4fbf58 mode 2

Classes redefined (0 events):
No events

Internal exceptions (20 events):
Event: 94.123 Thread 0x000001a408274000 Implicit null exception at 0x000001a4752115f7 to 0x000001a475211788
Event: 94.156 Thread 0x000001a408274000 Exception <a 'java/lang/NoSuchMethodError'{0x0000000088a79c40}: 'int java.lang.invoke.DirectMethodHandle$Holder.invokeVirtual(java.lang.Object, java.lang.Object, java.lang.Object)'> (0x0000000088a79c40) thrown at [./src/hotspot/share/interpreter/linkResolver.cpp, line 773]
Event: 94.198 Thread 0x000001a4065c7800 Exception <a 'java/lang/NoSuchMethodError'{0x00000000889d5628}: <clinit>> (0x00000000889d5628) thrown at [./src/hotspot/share/prims/jni.cpp, line 1362]
Event: 98.685 Thread 0x000001a408274000 Exception <a 'sun/nio/fs/WindowsException'{0x0000000088040360}> (0x0000000088040360) thrown at [./src/hotspot/share/prims/jni.cpp, line 615]
Event: 98.768 Thread 0x000001a408274000 Exception <a 'java/lang/NoSuchMethodError'{0x0000000087f98f78}: <clinit>> (0x0000000087f98f78) thrown at [./src/hotspot/share/prims/jni.cpp, line 1362]
Event: 99.306 Thread 0x000001a40ad51000 Exception <a 'sun/nio/fs/WindowsException'{0x0000000088348160}> (0x0000000088348160) thrown at [./src/hotspot/share/prims/jni.cpp, line 615]
Event: 100.267 Thread 0x000001a40ad51000 Exception <a 'java/lang/NoSuchMethodError'{0x0000000087ea03a8}: 'java.lang.Object java.lang.invoke.DirectMethodHandle$Holder.invokeStaticInit(java.lang.Object, java.lang.Object, java.lang.Object, java.lang.Object, java.lang.Object, java.lang.Object, java.lang.Object, java.lang.Object, java.lang.Object, java.lang.Object, java.lang.Object, java.lang.Object, java.lang.Object, java.lang.Object, java.lang.Object, java.lang.Object, java.lang.Object, java.lang.Object, int, java.lang.Object, java.lang.Object)'> (0
Event: 100.375 Thread 0x000001a40ad51000 Exception <a 'java/lang/IncompatibleClassChangeError'{0x0000000087da1d00}: Found class java.lang.Object, but interface was expected> (0x0000000087da1d00) thrown at [./src/hotspot/share/interpreter/linkResolver.cpp, line 839]
Event: 100.375 Thread 0x000001a40ad57800 Exception <a 'java/lang/IncompatibleClassChangeError'{0x0000000087d27b88}: Found class java.lang.Object, but interface was expected> (0x0000000087d27b88) thrown at [./src/hotspot/share/interpreter/linkResolver.cpp, line 839]
Event: 101.188 Thread 0x000001a40ad57800 Exception <a 'java/lang/NoSuchMethodError'{0x000000008877c550}: 'int java.lang.invoke.DirectMethodHandle$Holder.invokeVirtual(java.lang.Object, java.lang.Object, java.lang.Object, java.lang.Object)'> (0x000000008877c550) thrown at [./src/hotspot/share/interpreter/linkResolver.cpp, line 773]
Event: 101.235 Thread 0x000001a40ad57800 Exception <a 'java/lang/NoSuchMethodError'{0x00000000886b2550}: 'long java.lang.invoke.DirectMethodHandle$Holder.invokeStatic(java.lang.Object, java.lang.Object)'> (0x00000000886b2550) thrown at [./src/hotspot/share/interpreter/linkResolver.cpp, line 773]
Event: 101.572 Thread 0x000001a40ad51000 Exception <a 'java/lang/IncompatibleClassChangeError'{0x0000000088a93ed0}: Found class java.lang.Object, but interface was expected> (0x0000000088a93ed0) thrown at [./src/hotspot/share/interpreter/linkResolver.cpp, line 839]
Event: 101.573 Thread 0x000001a40ad51000 Exception <a 'java/lang/NoSuchMethodError'{0x0000000088a99d28}: 'java.lang.Object java.lang.invoke.DirectMethodHandle$Holder.newInvokeSpecial(java.lang.Object, int)'> (0x0000000088a99d28) thrown at [./src/hotspot/share/interpreter/linkResolver.cpp, line 773]
Event: 101.577 Thread 0x000001a40ad51000 Exception <a 'java/lang/IncompatibleClassChangeError'{0x0000000088aa5d38}: Found class java.lang.Object, but interface was expected> (0x0000000088aa5d38) thrown at [./src/hotspot/share/interpreter/linkResolver.cpp, line 839]
Event: 101.578 Thread 0x000001a40ad51000 Exception <a 'java/lang/IncompatibleClassChangeError'{0x0000000088aae588}: Found class java.lang.Object, but interface was expected> (0x0000000088aae588) thrown at [./src/hotspot/share/interpreter/linkResolver.cpp, line 839]
Event: 101.746 Thread 0x000001a40ad57800 Exception <a 'java/lang/IncompatibleClassChangeError'{0x000000008872fbb8}: Found class java.lang.Object, but interface was expected> (0x000000008872fbb8) thrown at [./src/hotspot/share/interpreter/linkResolver.cpp, line 839]
Event: 102.313 Thread 0x000001a40ad51000 Exception <a 'java/lang/NoSuchMethodError'{0x00000000888a7248}: 'java.lang.Object java.lang.invoke.DirectMethodHandle$Holder.invokeStatic(java.lang.Object, int, java.lang.Object, java.lang.Object)'> (0x00000000888a7248) thrown at [./src/hotspot/share/interpreter/linkResolver.cpp, line 773]
Event: 103.088 Thread 0x000001a40ad57800 Exception <a 'java/lang/NoSuchMethodError'{0x0000000088a136b0}: 'java.lang.Object java.lang.invoke.DirectMethodHandle$Holder.invokeVirtual(java.lang.Object, java.lang.Object, int, java.lang.Object)'> (0x0000000088a136b0) thrown at [./src/hotspot/share/interpreter/linkResolver.cpp, line 773]
Event: 103.130 Thread 0x000001a40ad51000 Exception <a 'java/lang/NoSuchMethodError'{0x0000000088a99a28}: 'void java.lang.invoke.DirectMethodHandle$Holder.invokeVirtual(java.lang.Object, java.lang.Object, int, java.lang.Object)'> (0x0000000088a99a28) thrown at [./src/hotspot/share/interpreter/linkResolver.cpp, line 773]
Event: 103.130 Thread 0x000001a40ad57800 Exception <a 'java/lang/NoSuchMethodError'{0x0000000088adbc80}: 'void java.lang.invoke.DirectMethodHandle$Holder.invokeVirtual(java.lang.Object, java.lang.Object, int, java.lang.Object)'> (0x0000000088adbc80) thrown at [./src/hotspot/share/interpreter/linkResolver.cpp, line 773]

Events (20 events):
Event: 105.912 Executing VM operation: ICBufferFull
Event: 105.913 Executing VM operation: ICBufferFull done
Event: 105.919 loading class com/android/tools/r8/internal/uR0
Event: 105.919 loading class com/android/tools/r8/internal/uR0 done
Event: 105.919 loading class com/android/tools/r8/internal/t0
Event: 105.919 loading class com/android/tools/r8/internal/t0 done
Event: 105.920 loading class com/android/tools/r8/internal/D0
Event: 105.920 loading class com/android/tools/r8/internal/D0 done
Event: 105.921 loading class com/android/tools/r8/internal/C0
Event: 105.921 loading class com/android/tools/r8/internal/C0 done
Event: 105.922 loading class com/android/tools/r8/internal/V81
Event: 105.922 loading class com/android/tools/r8/internal/V81 done
Event: 105.922 loading class com/android/tools/r8/internal/r0
Event: 105.922 loading class com/android/tools/r8/internal/r0 done
Event: 105.952 loading class com/android/tools/r8/internal/NX0
Event: 105.952 loading class com/android/tools/r8/internal/NX0 done
Event: 105.953 loading class com/android/tools/r8/internal/NJ0
Event: 105.953 loading class com/android/tools/r8/internal/NJ0 done
Event: 105.953 loading class com/android/tools/r8/internal/X81
Event: 105.953 loading class com/android/tools/r8/internal/X81 done


Dynamic libraries:
0x00007ff722f90000 - 0x00007ff722f9a000 	Y:\Programs\Android\Android Studio\jre\bin\java.exe
0x00007fff7c970000 - 0x00007fff7cb65000 	C:\WINDOWS\SYSTEM32\ntdll.dll
0x00007fff7b4a0000 - 0x00007fff7b55e000 	C:\WINDOWS\System32\KERNEL32.DLL
0x00007fff7a260000 - 0x00007fff7a528000 	C:\WINDOWS\System32\KERNELBASE.dll
0x00007fff779c0000 - 0x00007fff77a50000 	C:\WINDOWS\SYSTEM32\apphelp.dll
0x00007fff7a560000 - 0x00007fff7a660000 	C:\WINDOWS\System32\ucrtbase.dll
0x00007fff5f8b0000 - 0x00007fff5f8c9000 	Y:\Programs\Android\Android Studio\jre\bin\jli.dll
0x00007fff7c780000 - 0x00007fff7c921000 	C:\WINDOWS\System32\USER32.dll
0x00007fff69f60000 - 0x00007fff6a1fa000 	C:\WINDOWS\WinSxS\amd64_microsoft.windows.common-controls_6595b64144ccf1df_6.0.19041.1110_none_60b5254171f9507e\COMCTL32.dll
0x00007fff7a080000 - 0x00007fff7a0a2000 	C:\WINDOWS\System32\win32u.dll
0x00007fff7af60000 - 0x00007fff7affe000 	C:\WINDOWS\System32\msvcrt.dll
0x00007fff7b240000 - 0x00007fff7b26b000 	C:\WINDOWS\System32\GDI32.dll
0x00007fff7a150000 - 0x00007fff7a25d000 	C:\WINDOWS\System32\gdi32full.dll
0x00007fff7a0b0000 - 0x00007fff7a14d000 	C:\WINDOWS\System32\msvcp_win.dll
0x00007fff5c6d0000 - 0x00007fff5c6e7000 	Y:\Programs\Android\Android Studio\jre\bin\VCRUNTIME140.dll
0x00007fff7c460000 - 0x00007fff7c490000 	C:\WINDOWS\System32\IMM32.DLL
0x00007fff51690000 - 0x00007fff5172d000 	Y:\Programs\Android\Android Studio\jre\bin\msvcp140.dll
0x00007fff41fc0000 - 0x00007fff42a95000 	Y:\Programs\Android\Android Studio\jre\bin\server\jvm.dll
0x00007fff7aeb0000 - 0x00007fff7af5e000 	C:\WINDOWS\System32\ADVAPI32.dll
0x00007fff7b190000 - 0x00007fff7b22c000 	C:\WINDOWS\System32\sechost.dll
0x00007fff7b060000 - 0x00007fff7b185000 	C:\WINDOWS\System32\RPCRT4.dll
0x00007fff7c450000 - 0x00007fff7c458000 	C:\WINDOWS\System32\PSAPI.DLL
0x00007fff6d090000 - 0x00007fff6d099000 	C:\WINDOWS\SYSTEM32\WSOCK32.dll
0x00007fff7b730000 - 0x00007fff7b79b000 	C:\WINDOWS\System32\WS2_32.dll
0x00007fff75b50000 - 0x00007fff75b77000 	C:\WINDOWS\SYSTEM32\WINMM.dll
0x00007fff74430000 - 0x00007fff7443a000 	C:\WINDOWS\SYSTEM32\VERSION.dll
0x00007fff77f90000 - 0x00007fff77fa2000 	C:\WINDOWS\SYSTEM32\kernel.appcore.dll
0x00007fff61ae0000 - 0x00007fff61af1000 	Y:\Programs\Android\Android Studio\jre\bin\verify.dll
0x00007fff69cf0000 - 0x00007fff69ed4000 	C:\WINDOWS\SYSTEM32\DBGHELP.DLL
0x00007fff71570000 - 0x00007fff7159c000 	C:\WINDOWS\SYSTEM32\dbgcore.DLL
0x00007fff7a660000 - 0x00007fff7a6e2000 	C:\WINDOWS\System32\bcryptPrimitives.dll
0x00007fff5fc50000 - 0x00007fff5fc79000 	Y:\Programs\Android\Android Studio\jre\bin\java.dll
0x00007fff6d020000 - 0x00007fff6d02b000 	Y:\Programs\Android\Android Studio\jre\bin\jimage.dll
0x00007fff61ac0000 - 0x00007fff61ad8000 	Y:\Programs\Android\Android Studio\jre\bin\zip.dll
0x00007fff7b7a0000 - 0x00007fff7bee4000 	C:\WINDOWS\System32\SHELL32.dll
0x00007fff78190000 - 0x00007fff78925000 	C:\WINDOWS\SYSTEM32\windows.storage.dll
0x00007fff7bf10000 - 0x00007fff7c265000 	C:\WINDOWS\System32\combase.dll
0x00007fff79a00000 - 0x00007fff79a2e000 	C:\WINDOWS\SYSTEM32\Wldp.dll
0x00007fff7c3a0000 - 0x00007fff7c44d000 	C:\WINDOWS\System32\SHCORE.dll
0x00007fff7c270000 - 0x00007fff7c2c5000 	C:\WINDOWS\System32\shlwapi.dll
0x00007fff79fc0000 - 0x00007fff79fdf000 	C:\WINDOWS\SYSTEM32\profapi.dll
0x00007fff5fc30000 - 0x00007fff5fc4a000 	Y:\Programs\Android\Android Studio\jre\bin\net.dll
0x00007fff70a00000 - 0x00007fff70b0c000 	C:\WINDOWS\SYSTEM32\WINHTTP.dll
0x00007fff79760000 - 0x00007fff797ca000 	C:\WINDOWS\system32\mswsock.dll
0x00007fff5fc10000 - 0x00007fff5fc24000 	Y:\Programs\Android\Android Studio\jre\bin\nio.dll
0x00007fff5c5b0000 - 0x00007fff5c5d7000 	C:\Users\Yukon\.gradle\native\e1d6ef7f7dcc3fd88c89a11ec53ec762bb8ba0a96d01ffa2cd45eb1d1d8dd5c5\windows-amd64\native-platform.dll
0x00007fff50c70000 - 0x00007fff50db4000 	C:\Users\Yukon\.gradle\native\5664cfc778a61ccfe75a443a1ab52a65af34e5dc3c78e0209fed803814484fcb\windows-amd64\native-platform-file-events.dll
0x00007fff69c70000 - 0x00007fff69c7a000 	Y:\Programs\Android\Android Studio\jre\bin\management.dll
0x00007fff63320000 - 0x00007fff6332d000 	Y:\Programs\Android\Android Studio\jre\bin\management_ext.dll
0x00007fff79950000 - 0x00007fff79968000 	C:\WINDOWS\SYSTEM32\CRYPTSP.dll
0x00007fff790e0000 - 0x00007fff79114000 	C:\WINDOWS\system32\rsaenh.dll
0x00007fff7a530000 - 0x00007fff7a557000 	C:\WINDOWS\System32\bcrypt.dll
0x00007fff79f80000 - 0x00007fff79fae000 	C:\WINDOWS\SYSTEM32\USERENV.dll
0x00007fff79970000 - 0x00007fff7997c000 	C:\WINDOWS\SYSTEM32\CRYPTBASE.dll
0x00007fff79450000 - 0x00007fff7948b000 	C:\WINDOWS\SYSTEM32\IPHLPAPI.DLL
0x00007fff7b230000 - 0x00007fff7b238000 	C:\WINDOWS\System32\NSI.dll
0x00007fff74150000 - 0x00007fff74167000 	C:\WINDOWS\SYSTEM32\dhcpcsvc6.DLL
0x00007fff74440000 - 0x00007fff7445d000 	C:\WINDOWS\SYSTEM32\dhcpcsvc.DLL
0x00007fff794a0000 - 0x00007fff7956b000 	C:\WINDOWS\SYSTEM32\DNSAPI.dll
0x00007fff5aa10000 - 0x00007fff5aa2e000 	C:\Users\Yukon\AppData\Local\Temp\native-platform12298478500719057037dir\native-platform.dll
0x00007fff61d80000 - 0x00007fff61d88000 	Y:\Programs\Android\Android Studio\jre\bin\rmi.dll
0x00007fff672a0000 - 0x00007fff672b7000 	C:\WINDOWS\system32\napinsp.dll
0x00007fff61c90000 - 0x00007fff61cab000 	C:\WINDOWS\system32\pnrpnsp.dll
0x00007fff741b0000 - 0x00007fff741c5000 	C:\WINDOWS\system32\wshbth.dll
0x00007fff75ba0000 - 0x00007fff75bbd000 	C:\WINDOWS\system32\NLAapi.dll
0x00007fff61c70000 - 0x00007fff61c82000 	C:\WINDOWS\System32\winrnr.dll
0x00007fff71600000 - 0x00007fff7160a000 	C:\Windows\System32\rasadhlp.dll
0x00007fff70980000 - 0x00007fff709ff000 	C:\WINDOWS\System32\fwpuclnt.dll

dbghelp: loaded successfully - version: 4.0.5 - missing functions: none
symbol engine: initialized successfully - sym options: 0x614 - pdb path: .;Y:\Programs\Android\Android Studio\jre\bin;C:\WINDOWS\SYSTEM32;C:\WINDOWS\WinSxS\amd64_microsoft.windows.common-controls_6595b64144ccf1df_6.0.19041.1110_none_60b5254171f9507e;Y:\Programs\Android\Android Studio\jre\bin\server;C:\Users\Yukon\.gradle\native\e1d6ef7f7dcc3fd88c89a11ec53ec762bb8ba0a96d01ffa2cd45eb1d1d8dd5c5\windows-amd64;C:\Users\Yukon\.gradle\native\5664cfc778a61ccfe75a443a1ab52a65af34e5dc3c78e0209fed803814484fcb\windows-amd64;C:\Users\Yukon\AppData\Local\Temp\native-platform12298478500719057037dir

VM Arguments:
jvm_args: --add-opens=java.base/java.util=ALL-UNNAMED --add-opens=java.base/java.lang=ALL-UNNAMED --add-opens=java.base/java.lang.invoke=ALL-UNNAMED --add-opens=java.base/java.util=ALL-UNNAMED --add-opens=java.prefs/java.util.prefs=ALL-UNNAMED --add-opens=java.prefs/java.util.prefs=ALL-UNNAMED --add-opens=java.base/java.nio.charset=ALL-UNNAMED --add-opens=java.base/java.net=ALL-UNNAMED --add-opens=java.base/java.util.concurrent.atomic=ALL-UNNAMED -Xmx2048m -Dfile.encoding=UTF-8 -Duser.country=US -Duser.language=en -Duser.variant 
java_command: org.gradle.launcher.daemon.bootstrap.GradleDaemon 7.2
java_class_path (initial): C:\Users\Yukon\.gradle\wrapper\dists\gradle-7.2-bin\2dnblmf4td7x66yl1d74lt32g\gradle-7.2\lib\gradle-launcher-7.2.jar
Launcher Type: SUN_STANDARD

[Global flags]
     intx CICompilerCount                          = 2                                         {product} {ergonomic}
     uint ConcGCThreads                            = 1                                         {product} {ergonomic}
     uint G1ConcRefinementThreads                  = 2                                         {product} {ergonomic}
   size_t G1HeapRegionSize                         = 1048576                                   {product} {ergonomic}
    uintx GCDrainStackTargetSize                   = 64                                        {product} {ergonomic}
   size_t InitialHeapSize                          = 100663296                                 {product} {ergonomic}
   size_t MarkStackSize                            = 4194304                                   {product} {ergonomic}
   size_t MaxHeapSize                              = 2147483648                                {product} {command line}
   size_t MaxNewSize                               = 1287651328                                {product} {ergonomic}
   size_t MinHeapDeltaBytes                        = 1048576                                   {product} {ergonomic}
    uintx NonNMethodCodeHeapSize                   = 5825164                                {pd product} {ergonomic}
    uintx NonProfiledCodeHeapSize                  = 122916538                              {pd product} {ergonomic}
    uintx ProfiledCodeHeapSize                     = 122916538                              {pd product} {ergonomic}
    uintx ReservedCodeCacheSize                    = 251658240                              {pd product} {ergonomic}
     bool SegmentedCodeCache                       = true                                      {product} {ergonomic}
     bool UseCompressedClassPointers               = true                                 {lp64_product} {ergonomic}
     bool UseCompressedOops                        = true                                 {lp64_product} {ergonomic}
     bool UseG1GC                                  = true                                      {product} {ergonomic}
     bool UseLargePagesIndividualAllocation        = false                                  {pd product} {ergonomic}

Logging:
Log output configuration:
 #0: stdout all=warning uptime,level,tags
 #1: stderr all=off uptime,level,tags

Environment Variables:
JAVA_HOME=Y:\Programs\Java\jdk-17.0.1
PATH=Y:\Programs\Python\Python310\Scripts\;Y:\Programs\Python\Python310\;C:\Program Files\Common Files\Oracle\Java\javapath;C:\Windows\system32;C:\Windows;C:\Windows\System32\Wbem;C:\Windows\System32\WindowsPowerShell\v1.0\;Y:\Programs\Git\cmd;C:\WINDOWS\system32;C:\WINDOWS;C:\WINDOWS\System32\Wbem;C:\WINDOWS\System32\WindowsPowerShell\v1.0\;C:\WINDOWS\System32\OpenSSH\;Y:\Programs\nodejs\;C:\Program Files (x86)\NVIDIA Corporation\PhysX\Common;C:\Users\Yukon\AppData\Local\Microsoft\WindowsApps;C:\Users\Yukon\AppData\Roaming\npm;Y:\Programs\flutter\bin
USERNAME=Yukon
OS=Windows_NT
PROCESSOR_IDENTIFIER=Intel64 Family 6 Model 42 Stepping 7, GenuineIntel



---------------  S Y S T E M  ---------------

OS: Windows 10 , 64 bit Build 19041 (10.0.19041.1466)
OS uptime: 0 days 9:22 hours

CPU:total 2 (initial active 2) (2 cores per cpu, 1 threads per core) family 6 model 42 stepping 7 microcode 0x2f, cmov, cx8, fxsr, mmx, sse, sse2, sse3, ssse3, sse4.1, sse4.2, popcnt, clmul, tsc, tscinvbit

Memory: 4k page, system-wide physical 6124M (231M free)
TotalPageFile size 9705M (AvailPageFile size 2672M)
current process WorkingSet (physical memory assigned to process): 453M, peak: 453M
current process commit charge ("private bytes"): 489M, peak: 489M

vm_info: OpenJDK 64-Bit Server VM (11.0.11+9-b60-7590822) for windows-amd64 JRE (11.0.11+9-b60-7590822), built on Jul 29 2021 21:43:44 by "builder" with MS VC++ 14.0 (VS2015)

END.
